<?xml version="1.0" encoding="UTF-8"?>
<!-- Generated by org.testng.reporters.JUnitXMLReporter -->
<testsuite hostname="BharathKanduri" name="Default test" tests="1" failures="1" timestamp="11 Dec 2017 06:47:21 GMT" time="71.443" errors="0">
  <testcase name="BrowserOpen" time="71.38" classname="SeleniumPractice.FacebookCls">
    <failure type="org.openqa.selenium.WebDriverException" message="Failed to connect to binary FirefoxBinary(C:\Program Files (x86)\Mozilla Firefox\firefox.exe) on port 7055; process output follows: 
ng&amp;quot;,&amp;quot;48&amp;quot;:&amp;quot;icon.png&amp;quot;},&amp;quot;iconURL&amp;quot;:null,&amp;quot;icon64URL&amp;quot;:null,&amp;quot;defaultLocale&amp;quot;:{&amp;quot;name&amp;quot;:&amp;quot;Default&amp;quot;,&amp;quot;description&amp;quot;:&amp;quot;The default theme.&amp;quot;,&amp;quot;creator&amp;quot;:&amp;quot;Mozilla&amp;quot;,&amp;quot;homepageURL&amp;quot;:null,&amp;quot;contributors&amp;quot;:[&amp;quot;Mozilla Contributors&amp;quot;]},&amp;quot;visible&amp;quot;:true,&amp;quot;active&amp;quot;:true,&amp;quot;userDisabled&amp;quot;:false,&amp;quot;appDisabled&amp;quot;:false,&amp;quot;descriptor&amp;quot;:&amp;quot;C:\\Program Files (x86)\\Mozilla Firefox\\browser\\extensions\\{972ce4c6-7e08-4474-a285-3208198ce6fd}.xpi&amp;quot;,&amp;quot;installDate&amp;quot;:1472018554000,&amp;quot;updateDate&amp;quot;:1472018554000,&amp;quot;applyBackgroundUpdates&amp;quot;:1,&amp;quot;skinnable&amp;quot;:true,&amp;quot;size&amp;quot;:21905,&amp;quot;sourceURI&amp;quot;:null,&amp;quot;releaseNotesURI&amp;quot;:null,&amp;quot;softDisabled&amp;quot;:false,&amp;quot;foreignInstall&amp;quot;:false,&amp;quot;hasBinaryComponents&amp;quot;:false,&amp;quot;strictCompatibility&amp;quot;:true,&amp;quot;locales&amp;quot;:[],&amp;quot;targetApplications&amp;quot;:[{&amp;quot;id&amp;quot;:&amp;quot;{ec8030f7-c20a-464f-9b0e-13a3a9e97384}&amp;quot;,&amp;quot;minVersion&amp;quot;:&amp;quot;48.0.2&amp;quot;,&amp;quot;maxVersion&amp;quot;:&amp;quot;48.0.2&amp;quot;}],&amp;quot;targetPlatforms&amp;quot;:[],&amp;quot;seen&amp;quot;:true}
1512974795234	addons.xpi	DEBUG	getModTime: Recursive scan of {972ce4c6-7e08-4474-a285-3208198ce6fd}
1512974795237	DeferredSave.extensions.json	DEBUG	Save changes
1512974795237	addons.xpi	DEBUG	Updating database with changes to installed add-ons
1512974795237	addons.xpi-utils	DEBUG	Updating add-on states
1512974795239	addons.xpi-utils	DEBUG	Writing add-ons list
1512974795244	addons.xpi	DEBUG	Registering manifest for C:\Program Files (x86)\Mozilla Firefox\browser\features\e10srollout@mozilla.org.xpi
1512974795245	addons.xpi	DEBUG	Calling bootstrap method startup on e10srollout@mozilla.org version 1.1
1512974795245	addons.xpi	DEBUG	Registering manifest for C:\Program Files (x86)\Mozilla Firefox\browser\features\firefox@getpocket.com.xpi
1512974795247	addons.xpi	DEBUG	Calling bootstrap method startup on firefox@getpocket.com version 1.0.4
1512974795249	addons.xpi	DEBUG	Registering manifest for C:\Program Files (x86)\Mozilla Firefox\browser\features\loop@mozilla.org.xpi
1512974795250	addons.xpi	DEBUG	Calling bootstrap method startup on loop@mozilla.org version 1.4.4
1512974795305	addons.manager	DEBUG	Registering shutdown blocker for XPIProvider
1512974795306	addons.manager	DEBUG	Provider finished startup: XPIProvider
1512974795306	addons.manager	DEBUG	Starting provider: LightweightThemeManager
1512974795306	addons.manager	DEBUG	Registering shutdown blocker for LightweightThemeManager
1512974795307	addons.manager	DEBUG	Provider finished startup: LightweightThemeManager
1512974795308	addons.manager	DEBUG	Starting provider: GMPProvider
1512974795324	addons.manager	DEBUG	Registering shutdown blocker for GMPProvider
1512974795325	addons.manager	DEBUG	Provider finished startup: GMPProvider
1512974795325	addons.manager	DEBUG	Starting provider: PluginProvider
1512974795325	addons.manager	DEBUG	Registering shutdown blocker for PluginProvider
1512974795326	addons.manager	DEBUG	Provider finished startup: PluginProvider
1512974795327	addons.manager	DEBUG	Completed startup sequence
[GFX1]: Potential driver version mismatch ignored due to missing DLLs 0.0.0.0 and 0.0.0.0
1512974797192	addons.manager	DEBUG	Starting provider: &amp;lt;unnamed-provider&amp;gt;
1512974797192	addons.manager	DEBUG	Registering shutdown blocker for &amp;lt;unnamed-provider&amp;gt;
1512974797193	addons.manager	DEBUG	Provider finished startup: &amp;lt;unnamed-provider&amp;gt;
1512974797587	DeferredSave.extensions.json	DEBUG	Write succeeded
1512974797587	addons.xpi-utils	DEBUG	XPI Database saved, setting schema version preference to 17
1512974797587	DeferredSave.extensions.json	DEBUG	Starting timer
1512974797608	addons.repository	DEBUG	No addons.json found.
1512974797609	DeferredSave.addons.json	DEBUG	Save changes
1512974797614	DeferredSave.addons.json	DEBUG	Starting timer
1512974797677	addons.manager	DEBUG	Starting provider: PreviousExperimentProvider
1512974797678	addons.manager	DEBUG	Registering shutdown blocker for PreviousExperimentProvider
1512974797678	addons.manager	DEBUG	Provider finished startup: PreviousExperimentProvider
1512974797685	DeferredSave.extensions.json	DEBUG	Starting write
1512974797691	DeferredSave.addons.json	DEBUG	Starting write
1512974797748	DeferredSave.extensions.json	DEBUG	Write succeeded
1512974797761	DeferredSave.addons.json	DEBUG	Write succeeded

Build info: version: &amp;apos;2.48.2&amp;apos;, revision: &amp;apos;41bccdd&amp;apos;, time: &amp;apos;2015-10-09 19:55:52&amp;apos;
System info: host: &amp;apos;BharathKanduri&amp;apos;, ip: &amp;apos;192.168.1.32&amp;apos;, os.name: &amp;apos;Windows 7&amp;apos;, os.arch: &amp;apos;amd64&amp;apos;, os.version: &amp;apos;6.1&amp;apos;, java.version: &amp;apos;1.8.0_144&amp;apos;
Driver info: driver.version: FirefoxDriver">
      <![CDATA[org.openqa.selenium.WebDriverException: Failed to connect to binary FirefoxBinary(C:\Program Files (x86)\Mozilla Firefox\firefox.exe) on port 7055; process output follows: 
ng","48":"icon.png"},"iconURL":null,"icon64URL":null,"defaultLocale":{"name":"Default","description":"The default theme.","creator":"Mozilla","homepageURL":null,"contributors":["Mozilla Contributors"]},"visible":true,"active":true,"userDisabled":false,"appDisabled":false,"descriptor":"C:\\Program Files (x86)\\Mozilla Firefox\\browser\\extensions\\{972ce4c6-7e08-4474-a285-3208198ce6fd}.xpi","installDate":1472018554000,"updateDate":1472018554000,"applyBackgroundUpdates":1,"skinnable":true,"size":21905,"sourceURI":null,"releaseNotesURI":null,"softDisabled":false,"foreignInstall":false,"hasBinaryComponents":false,"strictCompatibility":true,"locales":[],"targetApplications":[{"id":"{ec8030f7-c20a-464f-9b0e-13a3a9e97384}","minVersion":"48.0.2","maxVersion":"48.0.2"}],"targetPlatforms":[],"seen":true}
1512974795234	addons.xpi	DEBUG	getModTime: Recursive scan of {972ce4c6-7e08-4474-a285-3208198ce6fd}
1512974795237	DeferredSave.extensions.json	DEBUG	Save changes
1512974795237	addons.xpi	DEBUG	Updating database with changes to installed add-ons
1512974795237	addons.xpi-utils	DEBUG	Updating add-on states
1512974795239	addons.xpi-utils	DEBUG	Writing add-ons list
1512974795244	addons.xpi	DEBUG	Registering manifest for C:\Program Files (x86)\Mozilla Firefox\browser\features\e10srollout@mozilla.org.xpi
1512974795245	addons.xpi	DEBUG	Calling bootstrap method startup on e10srollout@mozilla.org version 1.1
1512974795245	addons.xpi	DEBUG	Registering manifest for C:\Program Files (x86)\Mozilla Firefox\browser\features\firefox@getpocket.com.xpi
1512974795247	addons.xpi	DEBUG	Calling bootstrap method startup on firefox@getpocket.com version 1.0.4
1512974795249	addons.xpi	DEBUG	Registering manifest for C:\Program Files (x86)\Mozilla Firefox\browser\features\loop@mozilla.org.xpi
1512974795250	addons.xpi	DEBUG	Calling bootstrap method startup on loop@mozilla.org version 1.4.4
1512974795305	addons.manager	DEBUG	Registering shutdown blocker for XPIProvider
1512974795306	addons.manager	DEBUG	Provider finished startup: XPIProvider
1512974795306	addons.manager	DEBUG	Starting provider: LightweightThemeManager
1512974795306	addons.manager	DEBUG	Registering shutdown blocker for LightweightThemeManager
1512974795307	addons.manager	DEBUG	Provider finished startup: LightweightThemeManager
1512974795308	addons.manager	DEBUG	Starting provider: GMPProvider
1512974795324	addons.manager	DEBUG	Registering shutdown blocker for GMPProvider
1512974795325	addons.manager	DEBUG	Provider finished startup: GMPProvider
1512974795325	addons.manager	DEBUG	Starting provider: PluginProvider
1512974795325	addons.manager	DEBUG	Registering shutdown blocker for PluginProvider
1512974795326	addons.manager	DEBUG	Provider finished startup: PluginProvider
1512974795327	addons.manager	DEBUG	Completed startup sequence
[GFX1]: Potential driver version mismatch ignored due to missing DLLs 0.0.0.0 and 0.0.0.0
1512974797192	addons.manager	DEBUG	Starting provider: <unnamed-provider>
1512974797192	addons.manager	DEBUG	Registering shutdown blocker for <unnamed-provider>
1512974797193	addons.manager	DEBUG	Provider finished startup: <unnamed-provider>
1512974797587	DeferredSave.extensions.json	DEBUG	Write succeeded
1512974797587	addons.xpi-utils	DEBUG	XPI Database saved, setting schema version preference to 17
1512974797587	DeferredSave.extensions.json	DEBUG	Starting timer
1512974797608	addons.repository	DEBUG	No addons.json found.
1512974797609	DeferredSave.addons.json	DEBUG	Save changes
1512974797614	DeferredSave.addons.json	DEBUG	Starting timer
1512974797677	addons.manager	DEBUG	Starting provider: PreviousExperimentProvider
1512974797678	addons.manager	DEBUG	Registering shutdown blocker for PreviousExperimentProvider
1512974797678	addons.manager	DEBUG	Provider finished startup: PreviousExperimentProvider
1512974797685	DeferredSave.extensions.json	DEBUG	Starting write
1512974797691	DeferredSave.addons.json	DEBUG	Starting write
1512974797748	DeferredSave.extensions.json	DEBUG	Write succeeded
1512974797761	DeferredSave.addons.json	DEBUG	Write succeeded

Build info: version: '2.48.2', revision: '41bccdd', time: '2015-10-09 19:55:52'
System info: host: 'BharathKanduri', ip: '192.168.1.32', os.name: 'Windows 7', os.arch: 'amd64', os.version: '6.1', java.version: '1.8.0_144'
Driver info: driver.version: FirefoxDriver
	at org.openqa.selenium.firefox.internal.NewProfileExtensionConnection.start(NewProfileExtensionConnection.java:134)
	at org.openqa.selenium.firefox.FirefoxDriver.startClient(FirefoxDriver.java:271)
	at org.openqa.selenium.remote.RemoteWebDriver.<init>(RemoteWebDriver.java:117)
	at org.openqa.selenium.firefox.FirefoxDriver.<init>(FirefoxDriver.java:218)
	at org.openqa.selenium.firefox.FirefoxDriver.<init>(FirefoxDriver.java:211)
	at org.openqa.selenium.firefox.FirefoxDriver.<init>(FirefoxDriver.java:207)
	at org.openqa.selenium.firefox.FirefoxDriver.<init>(FirefoxDriver.java:120)
	at SeleniumPractice.FacebookCls.BrowserOpen(FacebookCls.java:16)
	at sun.reflect.NativeMethodAccessorImpl.invoke0(Native Method)
	at sun.reflect.NativeMethodAccessorImpl.invoke(Unknown Source)
	at sun.reflect.DelegatingMethodAccessorImpl.invoke(Unknown Source)
	at java.lang.reflect.Method.invoke(Unknown Source)
	at org.testng.internal.MethodInvocationHelper.invokeMethod(MethodInvocationHelper.java:85)
	at org.testng.internal.Invoker.invokeMethod(Invoker.java:639)
	at org.testng.internal.Invoker.invokeTestMethod(Invoker.java:821)
	at org.testng.internal.Invoker.invokeTestMethods(Invoker.java:1131)
	at org.testng.internal.TestMethodWorker.invokeTestMethods(TestMethodWorker.java:124)
	at org.testng.internal.TestMethodWorker.run(TestMethodWorker.java:108)
	at org.testng.TestRunner.privateRun(TestRunner.java:773)
	at org.testng.TestRunner.run(TestRunner.java:623)
	at org.testng.SuiteRunner.runTest(SuiteRunner.java:357)
	at org.testng.SuiteRunner.runSequentially(SuiteRunner.java:352)
	at org.testng.SuiteRunner.privateRun(SuiteRunner.java:310)
	at org.testng.SuiteRunner.run(SuiteRunner.java:259)
	at org.testng.SuiteRunnerWorker.runSuite(SuiteRunnerWorker.java:52)
	at org.testng.SuiteRunnerWorker.run(SuiteRunnerWorker.java:86)
	at org.testng.TestNG.runSuitesSequentially(TestNG.java:1185)
	at org.testng.TestNG.runSuitesLocally(TestNG.java:1110)
	at org.testng.TestNG.run(TestNG.java:1018)
	at org.testng.remote.AbstractRemoteTestNG.run(AbstractRemoteTestNG.java:114)
	at org.testng.remote.RemoteTestNG.initAndRun(RemoteTestNG.java:251)
	at org.testng.remote.RemoteTestNG.main(RemoteTestNG.java:77)
Caused by: org.openqa.selenium.firefox.NotConnectedException: Unable to connect to host 127.0.0.1 on port 7055 after 45000 ms. Firefox console output:
ng","48":"icon.png"},"iconURL":null,"icon64URL":null,"defaultLocale":{"name":"Default","description":"The default theme.","creator":"Mozilla","homepageURL":null,"contributors":["Mozilla Contributors"]},"visible":true,"active":true,"userDisabled":false,"appDisabled":false,"descriptor":"C:\\Program Files (x86)\\Mozilla Firefox\\browser\\extensions\\{972ce4c6-7e08-4474-a285-3208198ce6fd}.xpi","installDate":1472018554000,"updateDate":1472018554000,"applyBackgroundUpdates":1,"skinnable":true,"size":21905,"sourceURI":null,"releaseNotesURI":null,"softDisabled":false,"foreignInstall":false,"hasBinaryComponents":false,"strictCompatibility":true,"locales":[],"targetApplications":[{"id":"{ec8030f7-c20a-464f-9b0e-13a3a9e97384}","minVersion":"48.0.2","maxVersion":"48.0.2"}],"targetPlatforms":[],"seen":true}
1512974795234	addons.xpi	DEBUG	getModTime: Recursive scan of {972ce4c6-7e08-4474-a285-3208198ce6fd}
1512974795237	DeferredSave.extensions.json	DEBUG	Save changes
1512974795237	addons.xpi	DEBUG	Updating database with changes to installed add-ons
1512974795237	addons.xpi-utils	DEBUG	Updating add-on states
1512974795239	addons.xpi-utils	DEBUG	Writing add-ons list
1512974795244	addons.xpi	DEBUG	Registering manifest for C:\Program Files (x86)\Mozilla Firefox\browser\features\e10srollout@mozilla.org.xpi
1512974795245	addons.xpi	DEBUG	Calling bootstrap method startup on e10srollout@mozilla.org version 1.1
1512974795245	addons.xpi	DEBUG	Registering manifest for C:\Program Files (x86)\Mozilla Firefox\browser\features\firefox@getpocket.com.xpi
1512974795247	addons.xpi	DEBUG	Calling bootstrap method startup on firefox@getpocket.com version 1.0.4
1512974795249	addons.xpi	DEBUG	Registering manifest for C:\Program Files (x86)\Mozilla Firefox\browser\features\loop@mozilla.org.xpi
1512974795250	addons.xpi	DEBUG	Calling bootstrap method startup on loop@mozilla.org version 1.4.4
1512974795305	addons.manager	DEBUG	Registering shutdown blocker for XPIProvider
1512974795306	addons.manager	DEBUG	Provider finished startup: XPIProvider
1512974795306	addons.manager	DEBUG	Starting provider: LightweightThemeManager
1512974795306	addons.manager	DEBUG	Registering shutdown blocker for LightweightThemeManager
1512974795307	addons.manager	DEBUG	Provider finished startup: LightweightThemeManager
1512974795308	addons.manager	DEBUG	Starting provider: GMPProvider
1512974795324	addons.manager	DEBUG	Registering shutdown blocker for GMPProvider
1512974795325	addons.manager	DEBUG	Provider finished startup: GMPProvider
1512974795325	addons.manager	DEBUG	Starting provider: PluginProvider
1512974795325	addons.manager	DEBUG	Registering shutdown blocker for PluginProvider
1512974795326	addons.manager	DEBUG	Provider finished startup: PluginProvider
1512974795327	addons.manager	DEBUG	Completed startup sequence
[GFX1]: Potential driver version mismatch ignored due to missing DLLs 0.0.0.0 and 0.0.0.0
1512974797192	addons.manager	DEBUG	Starting provider: <unnamed-provider>
1512974797192	addons.manager	DEBUG	Registering shutdown blocker for <unnamed-provider>
1512974797193	addons.manager	DEBUG	Provider finished startup: <unnamed-provider>
1512974797587	DeferredSave.extensions.json	DEBUG	Write succeeded
1512974797587	addons.xpi-utils	DEBUG	XPI Database saved, setting schema version preference to 17
1512974797587	DeferredSave.extensions.json	DEBUG	Starting timer
1512974797608	addons.repository	DEBUG	No addons.json found.
1512974797609	DeferredSave.addons.json	DEBUG	Save changes
1512974797614	DeferredSave.addons.json	DEBUG	Starting timer
1512974797677	addons.manager	DEBUG	Starting provider: PreviousExperimentProvider
1512974797678	addons.manager	DEBUG	Registering shutdown blocker for PreviousExperimentProvider
1512974797678	addons.manager	DEBUG	Provider finished startup: PreviousExperimentProvider
1512974797685	DeferredSave.extensions.json	DEBUG	Starting write
1512974797691	DeferredSave.addons.json	DEBUG	Starting write
1512974797748	DeferredSave.extensions.json	DEBUG	Write succeeded
1512974797761	DeferredSave.addons.json	DEBUG	Write succeeded

	at org.openqa.selenium.firefox.internal.NewProfileExtensionConnection.start(NewProfileExtensionConnection.java:122)
	... 31 more
]]>
    </failure>
  </testcase> <!-- BrowserOpen -->
</testsuite> <!-- Default test -->
